m.p.h.;unit=mile/h
mph;unit=mile/h
miles per hour;unit=mile/h
MILES PER HOUR;unit=mile/h
miles per second;unit=mile/s
MILES PER SECOND;unit=mile/s
MPH;unit=mile/h
M.P.H.;unit=mile/h
kilometres per hour;unit=km/h
kilometers per hour;unit=km/h
km/h;time=hour;unit=km/h
kph;time=hour;unit=km/h
k.p.h.;unit=km/h
cm/s;unit=cm/s
centimetres per second;unit=cm/s
centimeters per second;unit=cm/s
m/s;unit=m/s
metres per second;unit=m/s
meters per second;time=s;unit=m/s
kilometres per second;unit=km/s
kilometers per second;unit=km/s
km/s;unit=km/s